{
  "bh_LJ75": {
    "success_rate": 0.0,
    "best_energy": -369.85320847646,
    "mean_energy_gap": 27.63912252353998,
    "runs": [
      {
        "algorithm": "bh",
        "size": 75,
        "seed": 0,
        "best_energy": -369.85320847646,
        "energy_gap": 27.63912252353998,
        "success": false,
        "local_relaxations": 60,
        "force_evaluations": null,
        "budget_exhausted": null,
        "n_minima": null,
        "duplicate_rate": null,
        "frontier_nodes": null,
        "dead_nodes": null,
        "mean_node_duplicate_failure_rate": null,
        "max_node_duplicate_failure_rate": null,
        "direction_choices": null,
        "direction_candidate_evaluations": null,
        "direction_mean_candidate_pool_size": null,
        "direction_rigid_body_overlap_mean": null,
        "direction_post_projection_rigid_body_overlap_mean": null,
        "direction_selected_soft": null,
        "direction_selected_random": null,
        "direction_selected_bond": null,
        "direction_selected_cell": null,
        "true_quench_count": null,
        "true_quench_unconverged": null,
        "true_quench_max_gradient": null,
        "true_quench_mean_iterations": null,
        "proposal_relax_count": null,
        "proposal_relax_unconverged": null,
        "proposal_relax_max_gradient": null,
        "proposal_relax_mean_iterations": null
      }
    ]
  },
  "ga_LJ75": {
    "success_rate": 0.0,
    "best_energy": -376.63736229114187,
    "mean_energy_gap": 20.85496870885811,
    "runs": [
      {
        "algorithm": "ga",
        "size": 75,
        "seed": 0,
        "best_energy": -376.63736229114187,
        "energy_gap": 20.85496870885811,
        "success": false,
        "local_relaxations": 60,
        "force_evaluations": null,
        "budget_exhausted": null,
        "n_minima": null,
        "duplicate_rate": null,
        "frontier_nodes": null,
        "dead_nodes": null,
        "mean_node_duplicate_failure_rate": null,
        "max_node_duplicate_failure_rate": null,
        "direction_choices": null,
        "direction_candidate_evaluations": null,
        "direction_mean_candidate_pool_size": null,
        "direction_rigid_body_overlap_mean": null,
        "direction_post_projection_rigid_body_overlap_mean": null,
        "direction_selected_soft": null,
        "direction_selected_random": null,
        "direction_selected_bond": null,
        "direction_selected_cell": null,
        "true_quench_count": null,
        "true_quench_unconverged": null,
        "true_quench_max_gradient": null,
        "true_quench_mean_iterations": null,
        "proposal_relax_count": null,
        "proposal_relax_unconverged": null,
        "proposal_relax_max_gradient": null,
        "proposal_relax_mean_iterations": null
      }
    ]
  },
  "ssw_LJ75": {
    "success_rate": 0.0,
    "best_energy": -384.15503054402416,
    "mean_energy_gap": 13.337300455975821,
    "runs": [
      {
        "algorithm": "ssw",
        "size": 75,
        "seed": 0,
        "best_energy": -384.15503054402416,
        "energy_gap": 13.337300455975821,
        "success": false,
        "local_relaxations": 60,
        "force_evaluations": 55785,
        "budget_exhausted": false,
        "n_minima": 58,
        "duplicate_rate": 0.03333333333333333,
        "frontier_nodes": 27,
        "dead_nodes": 0,
        "mean_node_duplicate_failure_rate": 0.021551724137931036,
        "max_node_duplicate_failure_rate": 1.0,
        "direction_choices": 472,
        "direction_candidate_evaluations": 6077,
        "direction_mean_candidate_pool_size": 12.875,
        "direction_rigid_body_overlap_mean": 0.05505511046030999,
        "direction_post_projection_rigid_body_overlap_mean": 4.856016564174655e-31,
        "direction_selected_soft": 413,
        "direction_selected_random": 59,
        "direction_selected_bond": 0,
        "direction_selected_cell": 0,
        "true_quench_count": 60,
        "true_quench_unconverged": 19,
        "true_quench_max_gradient": 1.042432998138845,
        "true_quench_mean_iterations": 52.35,
        "proposal_relax_count": 472,
        "proposal_relax_unconverged": 431,
        "proposal_relax_max_gradient": 6.256866246709648,
        "proposal_relax_mean_iterations": 75.10381355932203
      }
    ]
  }
}
