{
  "bh_LJ13": {
    "success_rate": 0.0,
    "best_energy": -39.20814028705501,
    "mean_energy_gap": 5.118660712944994,
    "runs": [
      {
        "algorithm": "bh",
        "size": 13,
        "seed": 0,
        "best_energy": -39.20814028705501,
        "energy_gap": 5.118660712944994,
        "success": false,
        "local_relaxations": 5,
        "force_evaluations": null,
        "budget_exhausted": null,
        "n_minima": null,
        "duplicate_rate": null,
        "frontier_nodes": null,
        "dead_nodes": null
      }
    ]
  },
  "ga_LJ13": {
    "success_rate": 0.0,
    "best_energy": -39.647685677012504,
    "mean_energy_gap": 4.679115322987499,
    "runs": [
      {
        "algorithm": "ga",
        "size": 13,
        "seed": 0,
        "best_energy": -39.647685677012504,
        "energy_gap": 4.679115322987499,
        "success": false,
        "local_relaxations": 5,
        "force_evaluations": null,
        "budget_exhausted": null,
        "n_minima": null,
        "duplicate_rate": null,
        "frontier_nodes": null,
        "dead_nodes": null
      }
    ]
  },
  "ssw_LJ13": {
    "success_rate": 0.0,
    "best_energy": -38.395374330805794,
    "mean_energy_gap": 5.9314266691942095,
    "runs": [
      {
        "algorithm": "ssw",
        "size": 13,
        "seed": 0,
        "best_energy": -38.395374330805794,
        "energy_gap": 5.9314266691942095,
        "success": false,
        "local_relaxations": 5,
        "force_evaluations": 2646,
        "budget_exhausted": false,
        "n_minima": 2,
        "duplicate_rate": 0.6,
        "frontier_nodes": 1,
        "dead_nodes": 0
      }
    ]
  }
}
