{
  "bh_LJ55": {
    "success_rate": 0.0,
    "best_energy": -266.26197228358507,
    "mean_energy_gap": 17.780370065155097,
    "runs": [
      {
        "algorithm": "bh",
        "size": 55,
        "seed": 0,
        "best_energy": -256.67422758610473,
        "energy_gap": 22.574242413895263,
        "success": false,
        "local_relaxations": 60,
        "force_evaluations": null,
        "budget_exhausted": null,
        "n_minima": null,
        "duplicate_rate": null,
        "frontier_nodes": null,
        "dead_nodes": null,
        "mean_node_duplicate_failure_rate": null,
        "max_node_duplicate_failure_rate": null,
        "direction_choices": null,
        "direction_candidate_evaluations": null,
        "direction_mean_candidate_pool_size": null,
        "direction_rigid_body_overlap_mean": null,
        "direction_post_projection_rigid_body_overlap_mean": null,
        "direction_selected_soft": null,
        "direction_selected_random": null,
        "direction_selected_bond": null,
        "direction_selected_cell": null,
        "true_quench_count": null,
        "true_quench_unconverged": null,
        "true_quench_max_gradient": null,
        "true_quench_mean_iterations": null,
        "proposal_relax_count": null,
        "proposal_relax_unconverged": null,
        "proposal_relax_max_gradient": null,
        "proposal_relax_mean_iterations": null
      },
      {
        "algorithm": "bh",
        "size": 55,
        "seed": 1,
        "best_energy": -266.26197228358507,
        "energy_gap": 12.986497716414931,
        "success": false,
        "local_relaxations": 60,
        "force_evaluations": null,
        "budget_exhausted": null,
        "n_minima": null,
        "duplicate_rate": null,
        "frontier_nodes": null,
        "dead_nodes": null,
        "mean_node_duplicate_failure_rate": null,
        "max_node_duplicate_failure_rate": null,
        "direction_choices": null,
        "direction_candidate_evaluations": null,
        "direction_mean_candidate_pool_size": null,
        "direction_rigid_body_overlap_mean": null,
        "direction_post_projection_rigid_body_overlap_mean": null,
        "direction_selected_soft": null,
        "direction_selected_random": null,
        "direction_selected_bond": null,
        "direction_selected_cell": null,
        "true_quench_count": null,
        "true_quench_unconverged": null,
        "true_quench_max_gradient": null,
        "true_quench_mean_iterations": null,
        "proposal_relax_count": null,
        "proposal_relax_unconverged": null,
        "proposal_relax_max_gradient": null,
        "proposal_relax_mean_iterations": null
      }
    ]
  },
  "ga_LJ55": {
    "success_rate": 0.0,
    "best_energy": -267.1825870173048,
    "mean_energy_gap": 14.967247873689018,
    "runs": [
      {
        "algorithm": "ga",
        "size": 55,
        "seed": 0,
        "best_energy": -261.37985723531716,
        "energy_gap": 17.868612764682837,
        "success": false,
        "local_relaxations": 60,
        "force_evaluations": null,
        "budget_exhausted": null,
        "n_minima": null,
        "duplicate_rate": null,
        "frontier_nodes": null,
        "dead_nodes": null,
        "mean_node_duplicate_failure_rate": null,
        "max_node_duplicate_failure_rate": null,
        "direction_choices": null,
        "direction_candidate_evaluations": null,
        "direction_mean_candidate_pool_size": null,
        "direction_rigid_body_overlap_mean": null,
        "direction_post_projection_rigid_body_overlap_mean": null,
        "direction_selected_soft": null,
        "direction_selected_random": null,
        "direction_selected_bond": null,
        "direction_selected_cell": null,
        "true_quench_count": null,
        "true_quench_unconverged": null,
        "true_quench_max_gradient": null,
        "true_quench_mean_iterations": null,
        "proposal_relax_count": null,
        "proposal_relax_unconverged": null,
        "proposal_relax_max_gradient": null,
        "proposal_relax_mean_iterations": null
      },
      {
        "algorithm": "ga",
        "size": 55,
        "seed": 1,
        "best_energy": -267.1825870173048,
        "energy_gap": 12.0658829826952,
        "success": false,
        "local_relaxations": 60,
        "force_evaluations": null,
        "budget_exhausted": null,
        "n_minima": null,
        "duplicate_rate": null,
        "frontier_nodes": null,
        "dead_nodes": null,
        "mean_node_duplicate_failure_rate": null,
        "max_node_duplicate_failure_rate": null,
        "direction_choices": null,
        "direction_candidate_evaluations": null,
        "direction_mean_candidate_pool_size": null,
        "direction_rigid_body_overlap_mean": null,
        "direction_post_projection_rigid_body_overlap_mean": null,
        "direction_selected_soft": null,
        "direction_selected_random": null,
        "direction_selected_bond": null,
        "direction_selected_cell": null,
        "true_quench_count": null,
        "true_quench_unconverged": null,
        "true_quench_max_gradient": null,
        "true_quench_mean_iterations": null,
        "proposal_relax_count": null,
        "proposal_relax_unconverged": null,
        "proposal_relax_max_gradient": null,
        "proposal_relax_mean_iterations": null
      }
    ]
  },
  "ssw_LJ55": {
    "success_rate": 0.0,
    "best_energy": -269.45399902684534,
    "mean_energy_gap": 10.968849326606573,
    "runs": [
      {
        "algorithm": "ssw",
        "size": 55,
        "seed": 0,
        "best_energy": -267.1052423199415,
        "energy_gap": 12.143227680058487,
        "success": false,
        "local_relaxations": 60,
        "force_evaluations": 55380,
        "budget_exhausted": false,
        "n_minima": 59,
        "duplicate_rate": 0.016666666666666666,
        "frontier_nodes": 27,
        "dead_nodes": 0,
        "mean_node_duplicate_failure_rate": 0.01694915254237288,
        "max_node_duplicate_failure_rate": 1.0,
        "direction_choices": 472,
        "direction_candidate_evaluations": 6077,
        "direction_mean_candidate_pool_size": 12.875,
        "direction_rigid_body_overlap_mean": 0.053813002057933476,
        "direction_post_projection_rigid_body_overlap_mean": 2.777498110834585e-31,
        "direction_selected_soft": 413,
        "direction_selected_random": 59,
        "direction_selected_bond": 0,
        "direction_selected_cell": 0,
        "true_quench_count": 60,
        "true_quench_unconverged": 24,
        "true_quench_max_gradient": 2.819727964362943,
        "true_quench_mean_iterations": 40.93333333333333,
        "proposal_relax_count": 472,
        "proposal_relax_unconverged": 449,
        "proposal_relax_max_gradient": 6.039392920743504,
        "proposal_relax_mean_iterations": 75.91949152542372
      },
      {
        "algorithm": "ssw",
        "size": 55,
        "seed": 1,
        "best_energy": -269.45399902684534,
        "energy_gap": 9.79447097315466,
        "success": false,
        "local_relaxations": 60,
        "force_evaluations": 53936,
        "budget_exhausted": false,
        "n_minima": 53,
        "duplicate_rate": 0.11666666666666667,
        "frontier_nodes": 24,
        "dead_nodes": 0,
        "mean_node_duplicate_failure_rate": 0.10062893081761005,
        "max_node_duplicate_failure_rate": 1.0,
        "direction_choices": 472,
        "direction_candidate_evaluations": 6077,
        "direction_mean_candidate_pool_size": 12.875,
        "direction_rigid_body_overlap_mean": 0.07300228777600465,
        "direction_post_projection_rigid_body_overlap_mean": 2.040382519586106e-31,
        "direction_selected_soft": 413,
        "direction_selected_random": 59,
        "direction_selected_bond": 0,
        "direction_selected_cell": 0,
        "true_quench_count": 60,
        "true_quench_unconverged": 21,
        "true_quench_max_gradient": 0.0013238277844155964,
        "true_quench_mean_iterations": 48.45,
        "proposal_relax_count": 472,
        "proposal_relax_unconverged": 390,
        "proposal_relax_max_gradient": 7.38094418157039,
        "proposal_relax_mean_iterations": 70.75847457627118
      }
    ]
  }
}
